========================================================================
READ_ASCII_FILE: unknown
READ_ASCII_FILE: File: input.nml
========================================================================
READ_INPUT_NML: unknown
READ_INPUT_NML: input.nml 
  &MOM_input_nml
          output_directory = '.',
          input_filename = 'n'
          restart_input_dir = 'INPUT',
          restart_output_dir = 'RESTART',
          parameter_filename = 'MOM_input',
                               'MOM_layout',
                               'MOM_override'
 /
 
  &SIS_input_nml
         output_directory = './',
         input_filename = 'n'
         restart_input_dir = 'INPUT/',
         restart_output_dir = 'RESTART/',
         parameter_filename = 'SIS_input',
                              'SIS_layout',
                              'SIS_override' /
 
  &cobalt_input_nml
         parameter_filename = 'COBALT_input',
                              'COBALT_override'
 /
 
  &atmos_model_nml
            layout = 1, 1
 /
 
  &coupler_nml
             months = 0,
             days   = 2,
             hours  = 0,
             current_date = 2004,1,1,0,0,0,
             calendar = 'julian',
             dt_cpld = 3600,
             dt_atmos = 3600,
             do_atmos = .false.,
             do_land = .false.,
             do_ice = .true.,
             do_ocean = .true.,
             do_flux = .true.,
             atmos_npes = 0,
             ocean_npes = 0,
             concurrent = .false.
             use_lag_fluxes=.false.
             check_stocks = 0
             do_chksum = .false.
             do_endpoint_chksum = .false.
 /
 
  &diag_manager_nml
             max_axes = 600,
             flush_nc_files=.false.
             max_files = 600,
             max_num_axis_sets = 600,
             max_input_fields = 2000
             max_output_fields = 5000
             mix_snapshot_average_fields=.false.
 /
 
  &flux_exchange_nml
             debug_stocks = .FALSE.
             divert_stocks_report = .TRUE.
             do_area_weighted_flux = .FALSE.
 /
 
  &fms2_io_nml
             fms_netcdf_restart=.true.
             threading_read='multi'
             max_files_r = 800
             max_files_w = 800
             checksum_required = .false.
 /
 
  &fms_nml
             clock_grain='ROUTINE'
             clock_flags='NONE'
             domains_stack_size = 5000000
             stack_size =0
 /
 
  &ice_albedo_nml
             t_range = 10.
 /
 
  &ice_model_nml
 /
 
  &icebergs_nml
     verbose=.false.,
     verbose_hrs=24,
     traj_sample_hrs=24,
     debug=.false.,
     really_debug=.false.,
     use_slow_find=.true.,
     add_weight_to_ocean=.true.,
     passive_mode=.false.,
     generate_test_icebergs=.false.,
     speed_limit=0.,
     use_roundoff_fix=.true.,
     make_calving_reproduce=.true.,
  /
 
  &monin_obukhov_nml
             neutral = .true.
 /
 
  &ocean_albedo_nml
             ocean_albedo_option = 2
 /
 
  &ocean_rough_nml
             rough_scheme = 'beljaars'
 /
 
  &sat_vapor_pres_nml
             construct_table_wrt_liq = .true.
             construct_table_wrt_liq_and_ice = .true.
 /
 
  &surface_flux_nml
             ncar_ocean_flux = .true.
 	    raoult_sat_vap = .true.
 /
 
  &topography_nml
             topog_file = 'INPUT/navy_topography.data.nc'
 /
 
  &xgrid_nml
             make_exchange_reproduce = .false.
             interp_method = 'second_order'
 /
 
  &generic_tracer_nml
        do_generic_tracer=.true.
        do_generic_abiotic=.false.
        do_generic_CFC=.false.
        do_generic_COBALT=.true.
        do_generic_SF6=.false.
        force_update_fluxes=.true.
        as_param='W92'
        do_vertfill_post=.true.
 /
  &generic_COBALT_nml
        co2_calc = 'mocsy'
        imbalance_tolerance=1.0e-9
 /
 
 
 

MPP module unknown
MPP started with NPES=     1
Using MPI library for message passing...
Realtime clock resolution=  5.0001E-10 sec (1999964604 ticks/sec)
Clock rolls over after   4.6118E+09 sec ( 9223372036854775806 ticks)

MPP Parameter module unknown

MPP Data module unknown

MPP_DOMAINS module unknown

================================================================================
FMS_MOD
unknown
 &FMS_NML
 READ_ALL_PE     = T,
 CLOCK_GRAIN     = ROUTINE         ,
 CLOCK_FLAGS     = NONE            ,
 WARNING_LEVEL   = warning ,
 STACK_SIZE      =           0,
 DOMAINS_STACK_SIZE      =     5000000,
 PRINT_MEMORY_USAGE      = F
 /
 nml_error_codes=

================================================================================
CONSTANTS_MOD
FMSConstants: GFDL

================================================================================
FMSConstants: GFDL

================================================================================
fms_affinity_mod
unknown
 &FMS_AFFINITY_NML
 AFFINITY        = T,
 STRICT  = T,
 DEBUG_AFFINITY  = F,
 DEBUG_CPUSET    = F
 /

================================================================================
FULL_COUPLER_MOD
unknown

================================================================================
TIME_MANAGER_MOD
unknown
 &COUPLER_NML
 CURRENT_DATE    =        2004, 2*1, 3*0,
 CALENDAR        = julian           ,
 FORCE_DATE_FROM_NAMELIST        = T,
 MONTHS  =           0,
 DAYS    =           2,
 HOURS   =           0,
 MINUTES =           0,
 SECONDS =           0,
 DT_CPLD =        3600,
 DT_ATMOS        =        3600,
 DO_ATMOS        = F,
 DO_LAND = F,
 DO_ICE  = T,
 DO_OCEAN        = T,
 DO_FLUX = T,
 ATMOS_NPES      =           1,
 OCEAN_NPES      =           1,
 ICE_NPES        =           1,
 LAND_NPES       =           1,
 ATMOS_NTHREADS  =           1,
 OCEAN_NTHREADS  =           1,
 RADIATION_NTHREADS      =           1,
 CONCURRENT      = F,
 DO_CONCURRENT_RADIATION = F,
 USE_LAG_FLUXES  = F,
 CHECK_STOCKS    =           0,
 RESTART_INTERVAL        = 6*0,
 DO_DEBUG        = F,
 DO_CHKSUM       = F,
 USE_HYPER_THREAD        = F,
 CONCURRENT_ICE  = F,
 SLOW_ICE_WITH_OCEAN     = F,
 DO_ENDPOINT_CHKSUM      = F,
 COMBINED_ICE_AND_OCEAN  = F
 /
  current date used = 2004 January  1  0:00:00 gmt

================================================================================
DIAG_UTIL_MOD
unknown

================================================================================
DIAG_DATA_MOD
unknown

================================================================================
DIAG_MANAGER_MOD
unknown
 &DIAG_MANAGER_NML
 APPEND_PELIST_NAME      = F,
 MIX_SNAPSHOT_AVERAGE_FIELDS     = F,
 MAX_OUTPUT_FIELDS       =        5000,
 MAX_INPUT_FIELDS        =        2000,
 MAX_AXES        =         600,
 DO_DIAG_FIELD_LOG       = F,
 WRITE_BYTES_IN_FILE     = F,
 DEBUG_DIAG_MANAGER      = F,
 MAX_NUM_AXIS_SETS       =         600,
 MAX_FILES       =         600,
 USE_CMOR        = F,
 ISSUE_OOR_WARNINGS      = T,
 OOR_WARNINGS_FATAL      = F,
 MAX_OUT_PER_IN_FIELD    =         150,
 FLUSH_NC_FILES  = F,
 REGION_OUT_USE_ALT_VALUE        = T,
 MAX_FIELD_ATTRIBUTES    =           4,
 MAX_FILE_ATTRIBUTES     =           2,
 MAX_AXIS_ATTRIBUTES     =           4,
 PREPEND_DATE    = T,
 USE_MODERN_DIAG = F,
 USE_CLOCK_AVERAGE       = F,
 FIELD_LOG_SEPARATOR     = |,
 USE_REFACTORED_SEND     = F
 /
========================================================================
READ_ASCII_FILE: unknown
READ_ASCII_FILE: File: diag_table
base date used = 2004 January  1  0:00:00 gmt

================================================================================
DIAG_AXIS_MOD
unknown

================================================================================
TRACER_MANAGER_MOD
unknown
 &FIELD_MANAGER_NML
 USE_FIELD_TABLE_YAML    = F
 /

================================================================================
FIELD_MANAGER_MOD
unknown
# specific humidity for moist runs                                                                                                                                                                                                                                                                                                                                                                                                                                                                                                                                                                                                                                                                                                                                                                                                                                                                                                                                                                                                                              
 "TRACER", "atmos_mod", "sphum"                                                                                                                                                                                                                                                                                                                                                                                                                                                                                                                                                                                                                                                                                                                                                                                                                                                                                                                                                                                                                                 
##         "profile_type", "fixed", "surface_value=3.e-6" /                                                                                                                                                                                                                                                                                                                                                                                                                                                                                                                                                                                                                                                                                                                                                                                                                                                                                                                                                                                                     
# prognostic cloud scheme tracers                                                                                                                                                                                                                                                                                                                                                                                                                                                                                                                                                                                                                                                                                                                                                                                                                                                                                                                                                                                                                               
  "TRACER", "atmos_mod", "liq_wat"                                                                                                                                                                                                                                                                                                                                                                                                                                                                                                                                                                                                                                                                                                                                                                                                                                                                                                                                                                                                                              
  "TRACER", "atmos_mod", "ice_wat"                                                                                                                                                                                                                                                                                                                                                                                                                                                                                                                                                                                                                                                                                                                                                                                                                                                                                                                                                                                                                              
  "TRACER", "atmos_mod", "cld_amt"                                                                                                                                                                                                                                                                                                                                                                                                                                                                                                                                                                                                                                                                                                                                                                                                                                                                                                                                                                                                                              
# sphum must be present on land as well                                                                                                                                                                                                                                                                                                                                                                                                                                                                                                                                                                                                                                                                                                                                                                                                                                                                                                                                                                                                                         
 "TRACER", "land_mod",     "sphum"                                                                                                                                                                                                                                                                                                                                                                                                                                                                                                                                                                                                                                                                                                                                                                                                                                                                                                                                                                                                                              
# test tracer for radon                                                                                                                                                                                                                                                                                                                                                                                                                                                                                                                                                                                                                                                                                                                                                                                                                                                                                                                                                                                                                                         
#                                                                                                                                                                                                                                                                                                                                                                                                                                                                                                                                                                                                                                                                                                                                                                                                                                                                                                                                                                                                                                                               
# "TRACER", "atmos_mod", "radon"                                                                                                                                                                                                                                                                                                                                                                                                                                                                                                                                                                                                                                                                                                                                                                                                                                                                                                                                                                                                                                
#           "longname",     "radon test tracer"                                                                                                                                                                                                                                                                                                                                                                                                                                                                                                                                                                                                                                                                                                                                                                                                                                                                                                                                                                                                                 
#           "units",        "kg/kg" /                                                                                                                                                                                                                                                                                                                                                                                                                                                                                                                                                                                                                                                                                                                                                                                                                                                                                                                                                                                                                           
###.................................................                                                                                                                                                                                                                                                                                                                                                                                                                                                                                                                                                                                                                                                                                                                                                                                                                                                                                                                                                                                                            
"namelists","ocean_mod","generic_COBALT"                                                                                                                                                                                                                                                                                                                                                                                                                                                                                                                                                                                                                                                                                                                                                                                                                                                                                                                                                                                                                        
 ----------------------------------------------------
 Contents of tracer entry            1
 Model type and field name
 Model                :            1
 Field name           : sphum
 Tracer units         : kg/kg
 Tracer longname      : specific humidity
 Tracer is_prognostic :  T
 ----------------------------------------------------
 ----------------------------------------------------
 Contents of tracer entry            2
 Model type and field name
 Model                :            1
 Field name           : liq_wat
 Tracer units         : kg/kg
 Tracer longname      : cloud liquid specific humidity
 Tracer is_prognostic :  T
 ----------------------------------------------------
 ----------------------------------------------------
 Contents of tracer entry            3
 Model type and field name
 Model                :            1
 Field name           : ice_wat
 Tracer units         : kg/kg
 Tracer longname      : cloud ice water specific humidity
 Tracer is_prognostic :  T
 ----------------------------------------------------
 ----------------------------------------------------
 Contents of tracer entry            4
 Model type and field name
 Model                :            1
 Field name           : cld_amt
 Tracer units         : none
 Tracer longname      : cloud fraction
 Tracer is_prognostic :  T
 ----------------------------------------------------
Number of tracers in field table for atmospheric model =    4
Number of tracers in field table for oceanic model =    0
 ----------------------------------------------------
 Contents of tracer entry            5
 Model type and field name
 Model                :            3
 Field name           : sphum
 Tracer units         : kg/kg
 Tracer longname      : specific humidity
 Tracer is_prognostic :  T
 ----------------------------------------------------
Number of tracers in field table for land model =    1
Number of tracers in field table for ice model =    0
Number of tracers in field table for coupler model =    0
 &GENERIC_TRACER_NML
 DO_GENERIC_TRACER       = T,
 DO_GENERIC_ABIOTIC      = F,
 DO_GENERIC_AGE  = F,
 DO_GENERIC_ARGON        = F,
 DO_GENERIC_CFC  = F,
 DO_GENERIC_SF6  = F,
 DO_GENERIC_BLING        = F,
 DO_GENERIC_COBALT       = T,
 FORCE_UPDATE_FLUXES     = T,
 DO_GENERIC_BLRES        = F,
 AS_PARAM        = W92       ,
 DO_VERTFILL_POST        = T
 /
 &MOCSY_NML
 BORON_FORMULATION       = l10,
 DISSOCIATION_CONSTANTS  = m10,
 HF_EQUILIBRIUM_CONSTANT = dg,
 EPSLN   =  1.000000000000000E-010,
 PRINT_OOR_WARNINGS      = F,
 MAXIMUM_SALINITY        =   200.000000000000     ,
 MAX_SPECIES_VALUE       =   4.00000000000000     ,
 MINIMUM_TEMPERATURE     =  -2.00000000000000     ,
 SAL_FLOOR_BASED_ON_ALK  = T,
 APPLY_EPSLN_FLOOR       = T,
 APPLY_SPECIES_CEILING   = T,
 APPLY_SALINITY_CEILING  = T,
 APPLY_TEMPERATURE_FLOOR = T
 /
 &GENERIC_COBALT_NML
 CO2_CALC        = mocsy     ,
 DO_14C  = F,
 DO_NH3_ATM_OCEAN_EXCHANGE       = F,
 SCHEME_NITRIF   =           3,
 DEBUG   = F,
 DO_VERTFILL_PRE = F,
 IMBALANCE_TOLERANCE     =  1.000000000000000E-009,
 AS_PARAM_COBALT = W92       
 /

================================================================================
atmos_ocean_fluxes_mod
unknown

================================================================================
coupler_types_mod
unknown

atmos model domain decomposition:     1 X    1
   pe,   is,  ie,  js,  je,    isd, ied, jsd, jed

================================================================================
FMSConstants: GFDL

================================================================================
DIAG_INTEGRAL_MOD
unknown
 &DIAG_INTEGRAL_NML
 OUTPUT_INTERVAL =  -1.00000000000000     ,
 TIME_UNITS      = hours   ,
 FILE_NAME       =                                                                                                                                                                                                                                                                ,
 PRINT_HEADER    = T,
 FIELDS_PER_PRINT_LINE   =           4
 /
 &DATA_OVERRIDE_NML
 DEBUG_DATA_OVERRIDE     = F,
 GRID_CENTER_BUG = F,
 REPRODUCE_NULL_CHAR_BUG = F,
 USE_DATA_TABLE_YAML     = F,
 USE_CENTER_GRID_POINTS  = F
 /

================================================================================
HORIZ_INTERP_MOD
unknown
 &HORIZ_INTERP_NML
 REPRODUCE_SIENA = F
 /

================================================================================
HORIZ_INTERP_CONSERVE_MOD
unknown

================================================================================
HORIZ_INTERP_BILINEAR_MOD
unknown

================================================================================
HORIZ_INTERP_BICUBIC_MOD
unknown

================================================================================
horiz_interp_spherical_mod
unknown

================================================================================
DATA_OVERRIDE_MOD
unknown

================================================================================
TIME_INTERP_EXTERNAL_MOD
unknown
 &TIME_INTERP_EXTERNAL_NML
 NUM_IO_BUFFERS  =           2,
 DEBUG_THIS_MODULE       = F,
 MAX_FIELDS      =         100,
 MAX_FILES       =          40
 /

================================================================================
TIME_INTERP_MOD
unknown
 &TIME_INTERP_NML
 PERTHLIKE_BEHAVIOR      = F
 /

================================================================================
$Id$
$Name$

land model domain decomposition:     1 X    1
   pe,   is,  ie,  js,  je,    isd, ied, jsd, jed
 &DATA_OVERRIDE_NML
 DEBUG_DATA_OVERRIDE     = F,
 GRID_CENTER_BUG = F,
 REPRODUCE_NULL_CHAR_BUG = F,
 USE_DATA_TABLE_YAML     = F,
 USE_CENTER_GRID_POINTS  = F
 /

ice model domain decomposition:     1 X    1
   pe,   is,  ie,  js,  je,    isd, ied, jsd, jed

ice modelc domain decomposition:     1 X    1
   pe,   is,  ie,  js,  je,    isd, ied, jsd, jed

ice model domain decomposition:     1 X    1
   pe,   is,  ie,  js,  je,    isd, ied, jsd, jed

ice model domain decomposition:     1 X    1
   pe,   is,  ie,  js,  je,    isd, ied, jsd, jed

MOM_MOSAIC domain decomposition:     1 X    1
   pe,   is,  ie,  js,  je,    isd, ied, jsd, jed

MOM_MOSAIC domain decomposition:     1 X    1
   pe,   is,  ie,  js,  je,    isd, ied, jsd, jed

ice model domain decomposition:     1 X    1
   pe,   is,  ie,  js,  je,    isd, ied, jsd, jed

ice model domain decomposition:     1 X    1
   pe,   is,  ie,  js,  je,    isd, ied, jsd, jed

ice model aux domain decomposition:     1 X    1
   pe,   is,  ie,  js,  je,    isd, ied, jsd, jed

ice model aux domain decomposition:     1 X    1
   pe,   is,  ie,  js,  je,    isd, ied, jsd, jed

ice_nohalo domain decomposition:     1 X    1
   pe,   is,  ie,  js,  je,    isd, ied, jsd, jed

ice_nohalo domain decomposition:     1 X    1
   pe,   is,  ie,  js,  je,    isd, ied, jsd, jed
 &DATA_OVERRIDE_NML
 DEBUG_DATA_OVERRIDE     = F,
 GRID_CENTER_BUG = F,
 REPRODUCE_NULL_CHAR_BUG = F,
 USE_DATA_TABLE_YAML     = F,
 USE_CENTER_GRID_POINTS  = F
 /
 &DATA_OVERRIDE_NML
 DEBUG_DATA_OVERRIDE     = F,
 GRID_CENTER_BUG = F,
 REPRODUCE_NULL_CHAR_BUG = F,
 USE_DATA_TABLE_YAML     = F,
 USE_CENTER_GRID_POINTS  = F
 /

================================================================================
FMSConstants: GFDL

================================================================================
ASTRONOMY_MOD
unknown
 &ASTRONOMY_NML
 ECC     =  1.671000000000000E-002,
 OBLIQ   =   23.4390000000000     ,
 PER     =   102.932000000000     ,
 PERIOD  =           0,
 YEAR_AE =        1998,
 MONTH_AE        =           9,
 DAY_AE  =          23,
 HOUR_AE =           5,
 MINUTE_AE       =          37,
 SECOND_AE       =           0,
 NUM_ANGLES      =        3600
 /
 &DATA_OVERRIDE_NML
 DEBUG_DATA_OVERRIDE     = F,
 GRID_CENTER_BUG = F,
 REPRODUCE_NULL_CHAR_BUG = F,
 USE_DATA_TABLE_YAML     = F,
 USE_CENTER_GRID_POINTS  = F
 /

MOM_in domain decomposition:     1 X    1
   pe,   is,  ie,  js,  je,    isd, ied, jsd, jed

MOM_inc domain decomposition:     1 X    1
   pe,   is,  ie,  js,  je,    isd, ied, jsd, jed

MOM_in domain decomposition:     1 X    1
   pe,   is,  ie,  js,  je,    isd, ied, jsd, jed

MOM_in domain decomposition:     1 X    1
   pe,   is,  ie,  js,  je,    isd, ied, jsd, jed

MOM_MOSAIC domain decomposition:     1 X    1
   pe,   is,  ie,  js,  je,    isd, ied, jsd, jed

MOM_MOSAIC domain decomposition:     1 X    1
   pe,   is,  ie,  js,  je,    isd, ied, jsd, jed

MOM_in domain decomposition:     1 X    1
   pe,   is,  ie,  js,  je,    isd, ied, jsd, jed

MOM_in domain decomposition:     1 X    1
   pe,   is,  ie,  js,  je,    isd, ied, jsd, jed

MOM_in domain decomposition:     1 X    1
   pe,   is,  ie,  js,  je,    isd, ied, jsd, jed

MOM_in domain decomposition:     1 X    1
   pe,   is,  ie,  js,  je,    isd, ied, jsd, jed

================================================================================
unknown
 &DATA_OVERRIDE_NML
 DEBUG_DATA_OVERRIDE     = F,
 GRID_CENTER_BUG = F,
 REPRODUCE_NULL_CHAR_BUG = F,
 USE_DATA_TABLE_YAML     = F,
 USE_CENTER_GRID_POINTS  = F
 /

MOM_in domain decomposition:     1 X    1
   pe,   is,  ie,  js,  je,    isd, ied, jsd, jed
 &DATA_OVERRIDE_NML
 DEBUG_DATA_OVERRIDE     = F,
 GRID_CENTER_BUG = F,
 REPRODUCE_NULL_CHAR_BUG = F,
 USE_DATA_TABLE_YAML     = F,
 USE_CENTER_GRID_POINTS  = F
 /

================================================================================
SAT_VAPOR_PRES_MOD
unknown
 &SAT_VAPOR_PRES_NML
 SHOW_BAD_VALUE_COUNT_BY_SLICE   = T,
 SHOW_ALL_BAD_VALUES     = F,
 USE_EXACT_QS    = F,
 DO_SIMPLE       = F,
 CONSTRUCT_TABLE_WRT_LIQ = T,
 CONSTRUCT_TABLE_WRT_LIQ_AND_ICE = T
 /

================================================================================
$Id$
$Name$
 &FLUX_EXCHANGE_NML
 Z_REF_HEAT      =   2.00000000000000     ,
 Z_REF_MOM       =   10.0000000000000     ,
 DO_AREA_WEIGHTED_FLUX   = F,
 DEBUG_STOCKS    = F,
 DIVERT_STOCKS_REPORT    = T,
 DO_RUNOFF       = T,
 DO_FORECAST     = F,
 NBLOCKS =           1,
 PARTITION_FPREC_FROM_LPREC      = F,
 SCALE_PRECIP_2D = F
 /
 ==>Note from flux_exchange_mod(flux_exchange_init):
  Number of exchanged tracers =            1
 Tracer field name :sphum

================================================================================
XGRID_MOD
unknown
 &XGRID_NML
 MAKE_EXCHANGE_REPRODUCE = F,
 INTERP_METHOD   = second_order                                                    ,
 DEBUG_STOCKS    = F,
 XGRID_CLOCKS_ON = F,
 MONOTONIC_EXCHANGE      = F,
 NSUBSET =           0,
 DO_ALLTOALL     = T,
 DO_ALLTOALLV    = F,
 USE_MPP_IO      = F
 /

================================================================================
$Id$
$Name$
 &SURFACE_FLUX_NML
 NO_NEG_Q        = F,
 USE_VIRTUAL_TEMP        = T,
 ALT_GUSTINESS   = F,
 GUST_CONST      =   1.00000000000000     ,
 GUST_MIN        =  0.000000000000000E+000,
 OLD_DTAUDV      = F,
 USE_MIXING_RATIO        = F,
 NCAR_OCEAN_FLUX = T,
 NCAR_OCEAN_FLUX_ORIG    = F,
 NCAR_OCEAN_FLUX_MULTILEVEL      = F,
 BULK_ZU =   10.0000000000000     ,
 BULK_ZT =   10.0000000000000     ,
 BULK_ZQ =   10.0000000000000     ,
 RAOULT_SAT_VAP  = T,
 DO_SIMPLE       = F,
 DO_ITER_MONIN_OBUKHOV   = F,
 USE_U10_NEUTRAL = F,
 NITER_MONIN_OBUKHOV     =           5
 /

================================================================================
MONIN_OBUKOV_MOD
unknown
 &MONIN_OBUKHOV_NML
 RICH_CRIT       =   2.00000000000000     ,
 NEUTRAL = T,
 DRAG_MIN_HEAT   =  1.000000000000000E-005,
 DRAG_MIN_MOIST  =  1.000000000000000E-005,
 DRAG_MIN_MOM    =  1.000000000000000E-005,
 STABLE_OPTION   =           1,
 ZETA_TRANS      =  0.500000000000000     ,
 NEW_MO_OPTION   = F
 /

================================================================================
STOCK_CONSTANTS_MOD
unknown

================================================================================
$Id$
$Name$
 &OCEAN_ALBEDO_NML
 OCEAN_ALBEDO_OPTION     =           2,
 CONST_ALB       =  0.100000000000000     
 /

================================================================================
get_cal_time_MOD
unknown
 &GET_CAL_TIME_NML
 ALLOW_CALENDAR_CONVERSION       = T
 /

================================================================================
$Id$
$Name$
 &OCEAN_ROUGH_NML
 ROUGHNESS_INIT  =  4.400000000000000E-004,
 ROUGHNESS_HEAT  =  5.800000000000000E-005,
 ROUGHNESS_MOM   =  5.800000000000000E-005,
 ROUGHNESS_MOIST =  5.800000000000000E-005,
 ROUGHNESS_MIN   =  1.000000000000000E-006,
 CHARNOCK        =  3.200000000000000E-002,
 ROUGH_SCHEME    = beljaars                        ,
 DO_HIGHWIND     = F,
 DO_CAP40        = F,
 ZCOH1   =  0.000000000000000E+000,
 ZCOQ1   =  0.000000000000000E+000,
 V10M    =   32.5000000000000     ,
 V10N    =   17.5000000000000     
 /

namelist option USE_FIXED_ROUGH is no longer supported
use variable ROUGH_SCHEME instead

================================================================================
DIAG_OUTPUT_MOD
2020.03

MOM_in domain decomposition:     1 X    1
   pe,   is,  ie,  js,  je,    isd, ied, jsd, jed

MOM_in domain decomposition:     1 X    1
   pe,   is,  ie,  js,  je,    isd, ied, jsd, jed

ice model domain decomposition:     1 X    1
   pe,   is,  ie,  js,  je,    isd, ied, jsd, jed

ice model domain decomposition:     1 X    1
   pe,   is,  ie,  js,  je,    isd, ied, jsd, jed

ice model domain decomposition:     1 X    1
   pe,   is,  ie,  js,  je,    isd, ied, jsd, jed

ice model domain decomposition:     1 X    1
   pe,   is,  ie,  js,  je,    isd, ied, jsd, jed

                                     time
Total runtime                        19.332863
Initialization                        9.778785
  Init: atmos_model_init              0.027338
  Init: land_model_init               0.033225
  Init: ice_model_init                0.240733
  Init: ocean_model_init              8.794970
  Init: flux_exchange_init            0.122257
Main loop                             9.322236
Termination                           0.230138
generate_sfc_xgrid                    0.000320
flux_ocean_to_ice                     0.000327
flux_ice_to_ocean                     0.000569
ATM                                   1.271145
 ATM: atmos loop                      1.154889
  A-L: atmos_tracer_driver_gathe      0.000000
  A-L: sfc_boundary_layer             0.614070
  A-L: update_atmos_model_dynami      0.000000
  A-L: serial radiation               0.000007
  A-L: update_atmos_model_down        0.000000
  A-L: flux_down_from_atmos           0.528270
  A-L: update_land_model_fast         0.000000
  A-L: update_ice_model_fast          0.007958
  A-L: flux_up_to_atmos               0.001414
  A-L: update_atmos_model_up          0.000000
  A-L: update_atmos_model_state       0.000004
 ATM: update_land_model_slow          0.000000
 ATM: flux_land_to_ice                0.000868
 Ice: set_ice_surface fast            0.001936
 Ice: update_ice_model_slow fast      0.002486
 Ice: set_ice_surface slow            0.003104
 Ice: update_ice_model_slow slow      0.112384
 Ice: flux_ice_to_ocean_stocks        0.000053
 Ice: set_ice_surface exchange        0.000053
 Ice: update_ice_model_slow exch      0.000029
OCN                                   8.026552
flux_check_stocks                     0.000000
intermediate restart                  0.000000
final flux_check_stocks               0.014610
(Ocean continuity update)             0.004050
(Ocean continuity correction)         0.153944
(Ocean advect tracer)                 0.829290
(Ocean tracer halo updates)           0.395812
(Ocean tracer global synch)           0.000265
  Ice: slow: dynamics                 0.081944
  Ice: slow: transport                0.003051
  Ice: slow: thermodyn diags          0.020074
Ice                                   0.124227
Ice Fast                              0.009833
Ice Slow                              0.114306
Ice Fast/Slow Exchange                0.000041
Ocean Initialization                  8.704917
Ocean                                 7.983736
Ocean dynamics                        0.730987
Ocean thermodynamics and tracers      6.913869
Ocean Other                           0.326753
(Ocean tracer advection)              1.049508
(Ocean diabatic driver)               5.864214
(Ocean continuity equation *)         0.000000
(Ocean set BBL viscosity)             0.010867
(Ocean message passing *)             0.030760
(Ocean MOM_initialize_state)          0.049113
(Ocean init message passing *)        0.002087
(Ocean mixed layer restrat)           0.000000
(Ocean collective diagnostics)        0.264861
(Ocean Z-space diagnostics)           0.000000
(Ocean ALE)                           0.582854
(Stochastic EOS)                      0.000037
(SGS Temperature Variance)            0.000029
(Cobalt: carbon calcs)                0.468954
(Cobalt: phytoplankton growth ca      0.581231
(Cobalt: bacteria growth calcs)       0.024923
(Cobalt: zooplankton calculation      0.193605
(Cobalt: other losses)                0.221414
(Cobalt: production loop)             0.192242
(Cobalt: ballasting loops)            0.062033
(Cobalt: source/sink loop 1)          0.045149
(Cobalt: source/sink loop 2)          0.066478
(Cobalt: source/sink loop 3)          0.043557
(Cobalt: source/sink loop 4)          0.012934
(Cobalt: source/sink loop 5)          0.028087
(Cobalt: source/sink loop 6)          0.067977
(Cobalt: send diagnostics)            1.649050
(Cobalt: calculate diagnostics)       0.300506
(Ocean diagnostics framework)         1.803922
(Ocean diagnostics remapping)         1.342760
(Ocean diagnostics grid updates)      0.034864
(Ocean init message passing)          0.000401
(Ocean continuity reconstruction      0.033373
(Ocean BT pre-calcs only)             0.027008
(Ocean BT pre-step halo updates)      0.010217
(Ocean BT stepping calcs only)        0.027588
(Ocean BT stepping halo updates)      0.006944
(Ocean BT post-calcs only)            0.005306
(Ocean BT post-step halo updates      0.002096
(Ocean BT global synch)               0.000073
(Ocean Coriolis & mom advection)      0.025263
(Ocean continuity equation)           0.191479
(Ocean pressure force)                0.137807
(Ocean vertical viscosity)            0.098879
(Ocean horizontal viscosity)          0.056134
(Ocean momentum increments)           0.003737
(Ocean message passing)               0.059066
(Ocean barotropic mode calc)          0.000929
(Ocean barotropic mode stepping)      0.082873
(Ocean barotropic forcing calc)       0.008503
(Ocean kappa_shear)                   0.115777
(Ocean diabatic entrain)              0.000000
(Ocean vert remap)                    0.148743
(Ocean geothermal)                    0.000279
(Ocean set_diffusivity)               0.166175
(Ocean KPP)                           0.000000
(Ocean tracer_columns)                4.823799
(Ocean diabatic tridiag)              0.020471
(Ocean diabatic message passing)      0.010487
(Ocean find_uv_at_h)                  0.006052
(Ocean frazil)                        0.000000
(Ocean diffuse tracer)                0.216530
(Ocean epipycnal diffuse tracer)      0.000000
Ocean surface forcing                 0.098609
(Ocean forcing diagnostics)           0.005544
Land-ice-atm coupler                  1.144847
SFC boundary layer                    0.613988
Flux DN from atm                      0.528236
XGrid generation                      0.000287
Flux UP to atm                        0.001388
Flux land to ice                      0.000835
Ice-ocean coupler                     0.000862
Flux ice to ocean                     0.000542
Flux ocean to ice                     0.000297
